G38-TS1: START
G38-TS1-LOG2: TID = 1, task0 entering
G38-TS1-LOG: Test[0]-[0]: task0: creating a HIGH prio task that runs task1 function.
G38-TS1-LOG: Test[0]-[0]: result = 1.
G38-TS1-LOG: Test[0]-[1]: task0: creating a HIGH prio task that runs task2 function.
G38-TS1-LOG: Test[0]-[1]: result = 1.
G38-TS1-LOG: Test[0]-[2]: task0: creating a mailbox of size 8 Bytes.
G38-TS1-LOG: Test[0]-[2]: result = 1.
G38-TS1-LOG2: TID = 1, task0: calling tsk_yield()
G38-TS1-LOG2: TID = 2, task1: entering
G38-TS1-LOG: Test[0]-[3]: task1: creating a mailbox of size 8 Bytes.
G38-TS1-LOG: Test[0]-[3]: result = 1.
G38-TS1-LOG2: TID = 2, task1: yielding cpu 
G38-TS1-LOG2: TID = 3, task2: entering
G38-TS1-LOG: Test[0]-[4]: task2: creating a mailbox of size 8 Bytes.
G38-TS1-LOG: Test[0]-[4]: result = 1.
G38-TS1-LOG2: TID = 3, task2: caling recv_msg
G38-TS1-LOG: Test[0]-[5]: task0: send_msg_nb to tid(3).
G38-TS1-LOG: Test[0]-[5]: result = 1.
G38-TS1-LOG2: TID = 1, task0: calling tsk_yield()
G38-TS1-LOG2: TID = 2, task1: yielding cpu 
G38-TS1-LOG: Test[0]-[6]: task2: sending message back to sender.
G38-TS1-LOG: Test[0]-[6]: result = 1.
G38-TS1-LOG2: TID = 3, task2: caling recv_msg
G38-TS1-LOG2: TID = 1, task0: allocating recv buffer
G38-TS1-LOG: Test[0]-[7]: task0: checking received message length and type from task3.
G38-TS1-LOG: Test[0]-[7]: result = 1.
G38-TS1-LOG2: TID = 1, task0: calling tsk_yield()
G38-TS1-LOG2: TID = 2, task1: yielding cpu 
G38-TS1-LOG: real exec order: 1 -> 2 -> 3 -> 1 -> 2 -> 1 -> 2 -> 1 -> NIL
G38-TS1-LOG: expt exec order: 1 -> 2 -> 3 -> 1 -> 2 -> 1 -> 2 -> 1 -> NIL
G38-TS1-LOG: Test[1]-[0]: checking execution shortfalls.
G38-TS1-LOG: Test[1]-[0]: result = 1.
G38-TS1-LOG: Test[1]-[1]: checking unexpected execution once.
G38-TS1-LOG: Test[1]-[1]: result = 1.
G38-TS1-LOG: Test[1]-[2]: checking unexpected execution twice.
G38-TS1-LOG: Test[1]-[2]: result = 1.
G38-TS1-LOG: Test[1]-[3]: checking correct number of executions.
G38-TS1-LOG: Test[1]-[3]: result = 1.
G38-TS1-LOG: Test[1]-[4]: checking execution sequence @ 0.
G38-TS1-LOG: Test[1]-[4]: result = 1.
G38-TS1-LOG: Test[1]-[5]: checking execution sequence @ 1.
G38-TS1-LOG: Test[1]-[5]: result = 1.
G38-TS1-LOG: Test[1]-[6]: checking execution sequence @ 2.
G38-TS1-LOG: Test[1]-[6]: result = 1.
G38-TS1-LOG: Test[1]-[7]: checking execution sequence @ 3.
G38-TS1-LOG: Test[1]-[7]: result = 1.
G38-TS1-LOG: Test[1]-[8]: checking execution sequence @ 4.
G38-TS1-LOG: Test[1]-[8]: result = 1.
G38-TS1-LOG: Test[1]-[9]: checking execution sequence @ 5.
G38-TS1-LOG: Test[1]-[9]: result = 1.
G38-TS1-LOG: Test[1]-[10]: checking execution sequence @ 6.
G38-TS1-LOG: Test[1]-[10]: result = 1.
G38-TS1-LOG: Test[1]-[11]: checking execution sequence @ 7.
G38-TS1-LOG: Test[1]-[11]: result = 1.
G38-TS1: FINISHED
G38-TS1-LOG: Test 0: 8/8 PASSED. Expected = 0xFF, result = 0xFF
G38-TS1-LOG: Test 1: 12/12 PASSED. Expected = 0xFFF, result = 0xFFF
G38-TS1: 2/2 test function(s) COMPLETED.
G38-TS1: 20/20 tests PASSED.
G38-TS1: 0/20 tests FAILED.
G38-TS1: END

