G99-TS340: START
8 receiveer blocked
G99-TS340-LOG2: task0: TID =1 entering
G99-TS340-LOG: Test[0]-[0]: task0: creating a MEDIUM prio task that runs task2 function.
G99-TS340-LOG: Test[0]-[0]: result = 1.
G99-TS340-LOG2: task0 is to change its own priority to LOW, should be preempted. 
9 receiveer blocked
8 receiveer 0 unblocked
8 receive 0 bytes successed
8 receiveer blocked
G99-TS340-LOG2: TID = 2, task2: entering
G99-TS340-LOG: Test[0]-[1]: task2: creating a mailbox of size 32 Bytes.
G99-TS340-LOG: Test[0]-[1]: result = 1.
G99-TS340-LOG2: task2 is to change task0's priority to HIGH, should be preempted. 
G99-TS340-LOG2: task0: send_msg to tid(2), len = 30
tid 1 send_msg 30 size to 2 successed
G99-TS340-LOG: Test[0]-[2]: task0: send_msg to tid(2), len = 30.
G99-TS340-LOG: Test[0]-[2]: result = 1.
G99-TS340-LOG2: task0: send_msg to tid(2), len = 8
tid 1 send_msg 8 size to 2 blocked
G99-TS340-LOG2: TID = 2, task2: caling recv_msg , round = 1
2 receive 30 bytes successed
G99-TS340-LOG: Test[0]-[3]: task2: checking message length == 30.
G99-TS340-LOG: Test[0]-[3]: result = 1.
G99-TS340-LOG: Test[0]-[4]: task2: checking payload contents.
G99-TS340-LOG: Test[0]-[4]: result = 1.
G99-TS340-LOG2: TID = 2, task2: caling recv_msg, round = 2
2 receiveer blocked
tid 1 send_msg to 8 unblocked
tid 1 send_msg 8 size to 2 successed
tid 1 unblocked the reciever 2
G99-TS340-LOG: Test[0]-[5]: task0: send_msg to tid(2), len = 8.
G99-TS340-LOG: Test[0]-[5]: result = 1.
G99-TS340-LOG2: task0: send_msg to tid(2), len = 30
tid 1 send_msg 30 size to 2 blocked
2 receiveer 8 unblocked
2 receive 8 bytes successed
G99-TS340-LOG: Test[0]-[6]: task2: checking message length == 8.
G99-TS340-LOG: Test[0]-[6]: result = 1.
G99-TS340-LOG: Test[0]-[7]: task2: checking payload contents.
G99-TS340-LOG: Test[0]-[7]: result = 1.
G99-TS340-LOG2: TID = 2, task2: caling recv_msg , round = 1
2 receiveer blocked
tid 1 send_msg to 30 unblocked
tid 1 send_msg 30 size to 2 successed
tid 1 unblocked the reciever 2
G99-TS340-LOG: Test[0]-[8]: task0: send_msg to tid(2), len = 30.
G99-TS340-LOG: Test[0]-[8]: result = 1.
G99-TS340-LOG2: task0 is to change its own priority to LOW, should be preempted. 
2 receiveer 30 unblocked
2 receive 30 bytes successed
G99-TS340-LOG: Test[0]-[9]: task2: checking message length == 30.
G99-TS340-LOG: Test[0]-[9]: result = 1.
G99-TS340-LOG: Test[0]-[10]: task2: checking payload contents.
G99-TS340-LOG: Test[0]-[10]: result = 1.
G99-TS340-LOG2: TID = 2, task2: calling mem_dealloc
G99-TS340-LOG2: TID = 2, task2: exiting...
G99-TS340-LOG2: TID = 1, task0: calling tsk_yield()
G99-TS340-LOG: real exec order: 1 -> 2 -> 1 -> 2 -> 2 -> 1 -> 1 -> 1 -> NIL
G99-TS340-LOG: expt exec order: 1 -> 2 -> 1 -> 2 -> 1 -> 2 -> 1 -> 1 -> NIL
G99-TS340-LOG: Test[1]-[0]: checking execution shortfalls.
G99-TS340-LOG: Test[1]-[0]: result = 1.
G99-TS340-LOG: Test[1]-[1]: checking unexpected execution once.
G99-TS340-LOG: Test[1]-[1]: result = 1.
G99-TS340-LOG: Test[1]-[2]: checking unexpected execution twice.
G99-TS340-LOG: Test[1]-[2]: result = 1.
G99-TS340-LOG: Test[1]-[3]: checking correct number of executions.
G99-TS340-LOG: Test[1]-[3]: result = 1.
G99-TS340-LOG: Test[1]-[4]: checking execution sequence @ 0.
G99-TS340-LOG: Test[1]-[4]: result = 1.
G99-TS340-LOG: Test[1]-[5]: checking execution sequence @ 1.
G99-TS340-LOG: Test[1]-[5]: result = 1.
G99-TS340-LOG: Test[1]-[6]: checking execution sequence @ 2.
G99-TS340-LOG: Test[1]-[6]: result = 1.
G99-TS340-LOG: Test[1]-[7]: checking execution sequence @ 3.
G99-TS340-LOG: Test[1]-[7]: result = 1.
G99-TS340-LOG: Test[1]-[8]: checking execution sequence @ 4.
G99-TS340-LOG: Test[1]-[8]: result = 0.
G99-TS340-LOG: Test[1]-[9]: checking execution sequence @ 5.
G99-TS340-LOG: Test[1]-[9]: result = 0.
G99-TS340-LOG: Test[1]-[10]: checking execution sequence @ 6.
G99-TS340-LOG: Test[1]-[10]: result = 1.
G99-TS340-LOG: Test[1]-[11]: checking execution sequence @ 7.
G99-TS340-LOG: Test[1]-[11]: result = 1.
G99-TS340: FINISHED
G99-TS340-LOG: Test 0: 11/11 PASSED. Expected = 0x7FF, result = 0x7FF
G99-TS340-LOG: Test 1: 10/12 PASSED. Expected = 0xFFF, result = 0xCFF
G99-TS340: 2/2 test function(s) COMPLETED.
G99-TS340: 21/23 tests PASSED.
G99-TS340: 2/23 tests FAILED.
G99-TS340: END
